<?xml version="1.0" encoding="UTF-8" ?>
<testsuite errors="0" failures="0" hostname="LAPTOP-4IQU9GAF" name="RationalTest" skipped="0" tests="8" time="0.038" timestamp="2566-09-12T18:15:18">
  <properties>
[...]
</properties>
  <testcase classname="RationalTest" name="testCompareTo1" time="0.007" />
  <testcase classname="RationalTest" name="testCompareTo2" time="0.0" />
  <testcase classname="RationalTest" name="testAdd" time="0.0" />
  <testcase classname="RationalTest" name="testSubtract" time="0.0" />
  <testcase classname="RationalTest" name="testDivide" time="0.0" />
  <testcase classname="RationalTest" name="testEqual1" time="0.0" />
  <testcase classname="RationalTest" name="testEqual2" time="0.0" />
  <testcase classname="RationalTest" name="testMultiply" time="0.0" />
  <system-out><![CDATA[]]></system-out>
  <system-err><![CDATA[]]></system-err>
</testsuite>
